  Game.cpp
d:\workspace\console_dev_2\breakout\breakout\src\game.cpp(12): warning C4244: 'argument': conversion from 'const int' to 'float', possible loss of data
c:\program files (x86)\microsoft visual studio 14.0\vc\include\xmemory0(737): warning C4244: 'argument': conversion from 'int' to 'float', possible loss of data
  c:\program files (x86)\microsoft visual studio 14.0\vc\include\xmemory0(857): note: see reference to function template instantiation 'void std::allocator<_Ty>::construct<_Objty,int,int,bool>(_Objty *,int &&,int &&,bool &&)' being compiled
          with
          [
              _Ty=Ball,
              _Objty=Ball
          ]
  c:\program files (x86)\microsoft visual studio 14.0\vc\include\xmemory0(857): note: see reference to function template instantiation 'void std::allocator<_Ty>::construct<_Objty,int,int,bool>(_Objty *,int &&,int &&,bool &&)' being compiled
          with
          [
              _Ty=Ball,
              _Objty=Ball
          ]
  c:\program files (x86)\microsoft visual studio 14.0\vc\include\xmemory0(996): note: see reference to function template instantiation 'void std::allocator_traits<_Alloc>::construct<_Ty,int,int,bool>(std::allocator<_Ty> &,_Objty *,int &&,int &&,bool &&)' being compiled
          with
          [
              _Alloc=std::allocator<Ball>,
              _Ty=Ball,
              _Objty=Ball
          ]
  c:\program files (x86)\microsoft visual studio 14.0\vc\include\xmemory0(995): note: see reference to function template instantiation 'void std::allocator_traits<_Alloc>::construct<_Ty,int,int,bool>(std::allocator<_Ty> &,_Objty *,int &&,int &&,bool &&)' being compiled
          with
          [
              _Alloc=std::allocator<Ball>,
              _Ty=Ball,
              _Objty=Ball
          ]
  c:\program files (x86)\microsoft visual studio 14.0\vc\include\vector(930): note: see reference to function template instantiation 'void std::_Wrap_alloc<std::allocator<_Ty>>::construct<_Ty,int,int,bool>(_Ty *,int &&,int &&,bool &&)' being compiled
          with
          [
              _Ty=Ball
          ]
  c:\program files (x86)\microsoft visual studio 14.0\vc\include\vector(929): note: see reference to function template instantiation 'void std::_Wrap_alloc<std::allocator<_Ty>>::construct<_Ty,int,int,bool>(_Ty *,int &&,int &&,bool &&)' being compiled
          with
          [
              _Ty=Ball
          ]
  d:\workspace\console_dev_2\breakout\breakout\src\game.cpp(23): note: see reference to function template instantiation 'void std::vector<Ball,std::allocator<_Ty>>::emplace_back<int,int,bool>(int &&,int &&,bool &&)' being compiled
          with
          [
              _Ty=Ball
          ]
  d:\workspace\console_dev_2\breakout\breakout\src\game.cpp(23): note: see reference to function template instantiation 'void std::vector<Ball,std::allocator<_Ty>>::emplace_back<int,int,bool>(int &&,int &&,bool &&)' being compiled
          with
          [
              _Ty=Ball
          ]
  Breakout.vcxproj -> D:\Workspace\Console_Dev_2\Breakout\Debug\Breakout.exe
  Breakout.vcxproj -> D:\Workspace\Console_Dev_2\Breakout\Debug\Breakout.pdb (Full PDB)
